2004.04.23 00:42 B C:\Documents and Settings\Y Cyrff Girlie\My Documents\Y Cyrff\Newydd\Images\cyrff11_small.jpg --> ftp.members.lycos.co.uk /Images cyrff11_small.jpg
2004.04.23 00:42 B C:\Documents and Settings\Y Cyrff Girlie\My Documents\Y Cyrff\Newydd\Images\cyrff12.jpg --> ftp.members.lycos.co.uk /Images cyrff12.jpg
2004.04.23 00:42 B C:\Documents and Settings\Y Cyrff Girlie\My Documents\Y Cyrff\Newydd\Images\cyrff12_small.jpg --> ftp.members.lycos.co.uk /Images cyrff12_small.jpg
2004.04.23 00:43 B C:\Documents and Settings\Y Cyrff Girlie\My Documents\Y Cyrff\Newydd\Images\dylan.jpg --> ftp.members.lycos.co.uk /Images dylan.jpg
2004.04.23 00:43 B C:\Documents and Settings\Y Cyrff Girlie\My Documents\Y Cyrff\Newydd\Images\dylan_small.jpg --> ftp.members.lycos.co.uk /Images dylan_small.jpg
2004.04.23 00:43 B C:\Documents and Settings\Y Cyrff Girlie\My Documents\Y Cyrff\Newydd\Images\mark.jpg --> ftp.members.lycos.co.uk /Images mark.jpg
2004.04.23 00:43 B C:\Documents and Settings\Y Cyrff Girlie\My Documents\Y Cyrff\Newydd\Images\mark2.jpg --> ftp.members.lycos.co.uk /Images mark2.jpg
2004.04.23 00:44 B C:\Documents and Settings\Y Cyrff Girlie\My Documents\Y Cyrff\Newydd\Images\mark2_small.jpg --> ftp.members.lycos.co.uk /Images mark2_small.jpg
2004.04.23 00:44 B C:\Documents and Settings\Y Cyrff Girlie\My Documents\Y Cyrff\Newydd\Images\mark3.jpg --> ftp.members.lycos.co.uk /Images mark3.jpg
2004.04.23 00:44 B C:\Documents and Settings\Y Cyrff Girlie\My Documents\Y Cyrff\Newydd\Images\mark3_small.jpg --> ftp.members.lycos.co.uk /Images mark3_small.jpg
2004.04.23 00:44 B C:\Documents and Settings\Y Cyrff Girlie\My Documents\Y Cyrff\Newydd\Images\mark4.jpg --> ftp.members.lycos.co.uk /Images mark4.jpg
2004.04.23 00:45 B C:\Documents and Settings\Y Cyrff Girlie\My Documents\Y Cyrff\Newydd\Images\mark4_small.jpg --> ftp.members.lycos.co.uk /Images mark4_small.jpg
2004.04.23 00:45 B C:\Documents and Settings\Y Cyrff Girlie\My Documents\Y Cyrff\Newydd\Images\mark5.jpg --> ftp.members.lycos.co.uk /Images mark5.jpg
2004.04.23 00:45 B C:\Documents and Settings\Y Cyrff Girlie\My Documents\Y Cyrff\Newydd\Images\mark5_small.jpg --> ftp.members.lycos.co.uk /Images mark5_small.jpg
2004.04.23 00:46 B C:\Documents and Settings\Y Cyrff Girlie\My Documents\Y Cyrff\Newydd\Images\mark_barry.jpg --> ftp.members.lycos.co.uk /Images mark_barry.jpg
2004.04.23 00:46 B C:\Documents and Settings\Y Cyrff Girlie\My Documents\Y Cyrff\Newydd\Images\mark_barry_small.jpg --> ftp.members.lycos.co.uk /Images mark_barry_small.jpg
2004.04.23 00:46 B C:\Documents and Settings\Y Cyrff Girlie\My Documents\Y Cyrff\Newydd\Images\mark_small.jpg --> ftp.members.lycos.co.uk /Images mark_small.jpg
2004.04.23 00:46 B C:\Documents and Settings\Y Cyrff Girlie\My Documents\Y Cyrff\Newydd\Images\paul.jpg --> ftp.members.lycos.co.uk /Images paul.jpg
2004.04.23 00:46 B C:\Documents and Settings\Y Cyrff Girlie\My Documents\Y Cyrff\Newydd\Images\paul_small.jpg --> ftp.members.lycos.co.uk /Images paul_small.jpg
2004.07.19 23:33 B C:\Documents and Settings\Y Cyrff Girlie\My Documents\Y Cyrff\Newydd\Images\ankst2.JPG --> ftp.members.lycos.co.uk /Images ankst2.JPG
2004.07.19 23:33 B C:\Documents and Settings\Y Cyrff Girlie\My Documents\Y Cyrff\Newydd\Images\ankst3.jpg --> ftp.members.lycos.co.uk /Images ankst3.jpg
2004.07.19 23:33 B C:\Documents and Settings\Y Cyrff Girlie\My Documents\Y Cyrff\Newydd\Images\ankst3_small.jpg --> ftp.members.lycos.co.uk /Images ankst3_small.jpg
2004.07.19 23:33 B C:\Documents and Settings\Y Cyrff Girlie\My Documents\Y Cyrff\Newydd\Images\pum_munud.jpg --> ftp.members.lycos.co.uk /Images pum_munud.jpg
2004.07.19 23:33 B C:\Documents and Settings\Y Cyrff Girlie\My Documents\Y Cyrff\Newydd\Images\pum_munud_small.jpg --> ftp.members.lycos.co.uk /Images pum_munud_small.jpg
2004.07.21 21:11 B C:\Documents and Settings\Y Cyrff Girlie\My Documents\Y Cyrff\Newydd\Images\untitled12.jpg --> ftp.members.lycos.co.uk /Images untitled12.jpg
2004.07.21 21:11 B C:\Documents and Settings\Y Cyrff Girlie\My Documents\Y Cyrff\Newydd\Images\untitled12_small.jpg --> ftp.members.lycos.co.uk /Images untitled12_small.jpg
2004.08.12 01:56 B C:\Documents and Settings\Y Cyrff Girlie\My Documents\Y Cyrff\Newydd\Images\cyrff14_small.jpg --> ftp.members.lycos.co.uk /Images cyrff14_small.jpg
2004.08.12 01:56 B C:\Documents and Settings\Y Cyrff Girlie\My Documents\Y Cyrff\Newydd\Images\cyrff13_small.jpg --> ftp.members.lycos.co.uk /Images cyrff13_small.jpg
2004.08.12 01:58 B C:\Documents and Settings\Y Cyrff Girlie\My Documents\Y Cyrff\Newydd\Images\cyrff14.jpg --> ftp.members.lycos.co.uk /Images cyrff14.jpg
2004.08.12 01:58 B C:\Documents and Settings\Y Cyrff Girlie\My Documents\Y Cyrff\Newydd\Images\cyrff13.jpg --> ftp.members.lycos.co.uk /Images cyrff13.jpg
2004.08.20 01:20 B C:\Documents and Settings\Y Cyrff Girlie\My Documents\Y Cyrff\Newydd\Images\bandpic1.html --> ftp.members.lycos.co.uk /Images bandpic1.html
2004.08.20 01:20 B C:\Documents and Settings\Y Cyrff Girlie\My Documents\Y Cyrff\Newydd\Images\cyrff14.html --> ftp.members.lycos.co.uk /Images cyrff14.html
2004.08.20 01:20 B C:\Documents and Settings\Y Cyrff Girlie\My Documents\Y Cyrff\Newydd\Images\cyrff13.html --> ftp.members.lycos.co.uk /Images cyrff13.html
2004.08.20 01:20 B C:\Documents and Settings\Y Cyrff Girlie\My Documents\Y Cyrff\Newydd\Images\cyrff.html --> ftp.members.lycos.co.uk /Images cyrff.html
2004.08.20 01:20 B C:\Documents and Settings\Y Cyrff Girlie\My Documents\Y Cyrff\Newydd\Images\cyrff12.html --> ftp.members.lycos.co.uk /Images cyrff12.html
2004.08.20 01:20 B C:\Documents and Settings\Y Cyrff Girlie\My Documents\Y Cyrff\Newydd\Images\cyrff11.html --> ftp.members.lycos.co.uk /Images cyrff11.html
2004.08.20 01:20 B C:\Documents and Settings\Y Cyrff Girlie\My Documents\Y Cyrff\Newydd\Images\cyrff9.html --> ftp.members.lycos.co.uk /Images cyrff9.html
2004.08.20 01:20 B C:\Documents and Settings\Y Cyrff Girlie\My Documents\Y Cyrff\Newydd\Images\cyrff10.html --> ftp.members.lycos.co.uk /Images cyrff10.html
2004.08.20 01:20 B C:\Documents and Settings\Y Cyrff Girlie\My Documents\Y Cyrff\Newydd\Images\cyrff8.html --> ftp.members.lycos.co.uk /Images cyrff8.html
2004.08.20 01:20 B C:\Documents and Settings\Y Cyrff Girlie\My Documents\Y Cyrff\Newydd\Images\cyrff7.html --> ftp.members.lycos.co.uk /Images cyrff7.html
2004.08.20 01:20 B C:\Documents and Settings\Y Cyrff Girlie\My Documents\Y Cyrff\Newydd\Images\cyrff2.html --> ftp.members.lycos.co.uk /Images cyrff2.html
2004.08.20 01:20 B C:\Documents and Settings\Y Cyrff Girlie\My Documents\Y Cyrff\Newydd\Images\bandpic.html --> ftp.members.lycos.co.uk /Images bandpic.html
2004.08.20 01:20 B C:\Documents and Settings\Y Cyrff Girlie\My Documents\Y Cyrff\Newydd\Images\index1.html --> ftp.members.lycos.co.uk /Images index1.html
2004.08.20 01:20 B C:\Documents and Settings\Y Cyrff Girlie\My Documents\Y Cyrff\Newydd\Images\index.html --> ftp.members.lycos.co.uk /Images index.html
2004.08.20 02:46 B C:\Documents and Settings\Y Cyrff Girlie\My Documents\Y Cyrff\Newydd\Images\untitled12.html --> ftp.members.lycos.co.uk / untitled12.html
2004.08.20 02:46 B C:\Documents and Settings\Y Cyrff Girlie\My Documents\Y Cyrff\Newydd\Images\pum_munud.html --> ftp.members.lycos.co.uk / pum_munud.html
2004.08.20 02:46 B C:\Documents and Settings\Y Cyrff Girlie\My Documents\Y Cyrff\Newydd\Images\ankst3.html --> ftp.members.lycos.co.uk / ankst3.html
2004.08.20 02:46 B C:\Documents and Settings\Y Cyrff Girlie\My Documents\Y Cyrff\Newydd\Images\ankst2.html --> ftp.members.lycos.co.uk / ankst2.html
2004.08.20 02:46 B C:\Documents and Settings\Y Cyrff Girlie\My Documents\Y Cyrff\Newydd\Images\ankst1.html --> ftp.members.lycos.co.uk / ankst1.html
2004.08.20 02:46 B C:\Documents and Settings\Y Cyrff Girlie\My Documents\Y Cyrff\Newydd\Images\coverart.html --> ftp.members.lycos.co.uk / coverart.html
2004.08.20 02:46 B C:\Documents and Settings\Y Cyrff Girlie\My Documents\Y Cyrff\Newydd\Images\coverart1.html --> ftp.members.lycos.co.uk / coverart1.html
2004.08.20 02:46 B C:\Documents and Settings\Y Cyrff Girlie\My Documents\Y Cyrff\Newydd\Images\paul.html --> ftp.members.lycos.co.uk / paul.html
2004.08.20 02:46 B C:\Documents and Settings\Y Cyrff Girlie\My Documents\Y Cyrff\Newydd\Images\mark_barry.html --> ftp.members.lycos.co.uk / mark_barry.html
2004.08.20 02:46 B C:\Documents and Settings\Y Cyrff Girlie\My Documents\Y Cyrff\Newydd\Images\mark.html --> ftp.members.lycos.co.uk / mark.html
2004.08.20 02:46 B C:\Documents and Settings\Y Cyrff Girlie\My Documents\Y Cyrff\Newydd\Images\mark5.html --> ftp.members.lycos.co.uk / mark5.html
2004.08.20 02:46 B C:\Documents and Settings\Y Cyrff Girlie\My Documents\Y Cyrff\Newydd\Images\mark4.html --> ftp.members.lycos.co.uk / mark4.html
2004.08.20 02:46 B C:\Documents and Settings\Y Cyrff Girlie\My Documents\Y Cyrff\Newydd\Images\mark3.html --> ftp.members.lycos.co.uk / mark3.html
2004.08.20 02:46 B C:\Documents and Settings\Y Cyrff Girlie\My Documents\Y Cyrff\Newydd\Images\mark2.html --> ftp.members.lycos.co.uk / mark2.html
2004.08.20 02:46 B C:\Documents and Settings\Y Cyrff Girlie\My Documents\Y Cyrff\Newydd\Images\dylan.html --> ftp.members.lycos.co.uk / dylan.html
2004.08.20 02:46 B C:\Documents and Settings\Y Cyrff Girlie\My Documents\Y Cyrff\Newydd\Images\cyrff6.html --> ftp.members.lycos.co.uk / cyrff6.html
2004.08.20 02:46 B C:\Documents and Settings\Y Cyrff Girlie\My Documents\Y Cyrff\Newydd\Images\cyrff5.html --> ftp.members.lycos.co.uk / cyrff5.html
2004.08.20 02:46 B C:\Documents and Settings\Y Cyrff Girlie\My Documents\Y Cyrff\Newydd\Images\cyrff4.html --> ftp.members.lycos.co.uk / cyrff4.html
2004.08.20 02:46 B C:\Documents and Settings\Y Cyrff Girlie\My Documents\Y Cyrff\Newydd\Images\cyrff3.html --> ftp.members.lycos.co.uk / cyrff3.html
2004.08.20 02:46 B C:\Documents and Settings\Y Cyrff Girlie\My Documents\Y Cyrff\Newydd\Images\barry_marine.html --> ftp.members.lycos.co.uk / barry_marine.html
2004.08.20 02:46 B C:\Documents and Settings\Y Cyrff Girlie\My Documents\Y Cyrff\Newydd\Images\barry.html --> ftp.members.lycos.co.uk / barry.html
2004.08.20 02:46 B C:\Documents and Settings\Y Cyrff Girlie\My Documents\Y Cyrff\Newydd\Images\band_members_pic.html --> ftp.members.lycos.co.uk / band_members_pic.html
2004.08.20 02:46 B C:\Documents and Settings\Y Cyrff Girlie\My Documents\Y Cyrff\Newydd\Images\band_members_pic1.html --> ftp.members.lycos.co.uk / band_members_pic1.html
2004.08.20 02:46 B C:\Documents and Settings\Y Cyrff Girlie\My Documents\Y Cyrff\Newydd\Images\untitled12.html --> ftp.members.lycos.co.uk /Images untitled12.html
2004.08.20 02:46 B C:\Documents and Settings\Y Cyrff Girlie\My Documents\Y Cyrff\Newydd\Images\pum_munud.html --> ftp.members.lycos.co.uk /Images pum_munud.html
2004.08.20 02:46 B C:\Documents and Settings\Y Cyrff Girlie\My Documents\Y Cyrff\Newydd\Images\ankst3.html --> ftp.members.lycos.co.uk /Images ankst3.html
2004.08.20 02:46 B C:\Documents and Settings\Y Cyrff Girlie\My Documents\Y Cyrff\Newydd\Images\ankst2.html --> ftp.members.lycos.co.uk /Images ankst2.html
2004.08.20 02:47 B C:\Documents and Settings\Y Cyrff Girlie\My Documents\Y Cyrff\Newydd\Images\ankst1.html --> ftp.members.lycos.co.uk /Images ankst1.html
2004.08.20 02:47 B C:\Documents and Settings\Y Cyrff Girlie\My Documents\Y Cyrff\Newydd\Images\coverart.html --> ftp.members.lycos.co.uk /Images coverart.html
2004.08.20 02:47 B C:\Documents and Settings\Y Cyrff Girlie\My Documents\Y Cyrff\Newydd\Images\coverart1.html --> ftp.members.lycos.co.uk /Images coverart1.html
2004.08.20 02:47 B C:\Documents and Settings\Y Cyrff Girlie\My Documents\Y Cyrff\Newydd\Images\paul.html --> ftp.members.lycos.co.uk /Images paul.html
2004.08.20 02:47 B C:\Documents and Settings\Y Cyrff Girlie\My Documents\Y Cyrff\Newydd\Images\mark_barry.html --> ftp.members.lycos.co.uk /Images mark_barry.html
2004.08.20 02:47 B C:\Documents and Settings\Y Cyrff Girlie\My Documents\Y Cyrff\Newydd\Images\mark.html --> ftp.members.lycos.co.uk /Images mark.html
2004.08.20 02:47 B C:\Documents and Settings\Y Cyrff Girlie\My Documents\Y Cyrff\Newydd\Images\mark5.html --> ftp.members.lycos.co.uk /Images mark5.html
2004.08.20 02:47 B C:\Documents and Settings\Y Cyrff Girlie\My Documents\Y Cyrff\Newydd\Images\mark4.html --> ftp.members.lycos.co.uk /Images mark4.html
2004.08.20 02:47 B C:\Documents and Settings\Y Cyrff Girlie\My Documents\Y Cyrff\Newydd\Images\mark3.html --> ftp.members.lycos.co.uk /Images mark3.html
2004.08.20 02:47 B C:\Documents and Settings\Y Cyrff Girlie\My Documents\Y Cyrff\Newydd\Images\mark2.html --> ftp.members.lycos.co.uk /Images mark2.html
2004.08.20 02:47 B C:\Documents and Settings\Y Cyrff Girlie\My Documents\Y Cyrff\Newydd\Images\dylan.html --> ftp.members.lycos.co.uk /Images dylan.html
2004.08.20 02:47 B C:\Documents and Settings\Y Cyrff Girlie\My Documents\Y Cyrff\Newydd\Images\cyrff6.html --> ftp.members.lycos.co.uk /Images cyrff6.html
2004.08.20 02:47 B C:\Documents and Settings\Y Cyrff Girlie\My Documents\Y Cyrff\Newydd\Images\cyrff5.html --> ftp.members.lycos.co.uk /Images cyrff5.html
2004.08.20 02:47 B C:\Documents and Settings\Y Cyrff Girlie\My Documents\Y Cyrff\Newydd\Images\cyrff4.html --> ftp.members.lycos.co.uk /Images cyrff4.html
2004.08.20 02:47 B C:\Documents and Settings\Y Cyrff Girlie\My Documents\Y Cyrff\Newydd\Images\cyrff3.html --> ftp.members.lycos.co.uk /Images cyrff3.html
2004.08.20 02:47 B C:\Documents and Settings\Y Cyrff Girlie\My Documents\Y Cyrff\Newydd\Images\barry_marine.html --> ftp.members.lycos.co.uk /Images barry_marine.html
2004.08.20 02:47 B C:\Documents and Settings\Y Cyrff Girlie\My Documents\Y Cyrff\Newydd\Images\barry.html --> ftp.members.lycos.co.uk /Images barry.html
2004.08.20 02:47 B C:\Documents and Settings\Y Cyrff Girlie\My Documents\Y Cyrff\Newydd\Images\band_members_pic.html --> ftp.members.lycos.co.uk /Images band_members_pic.html
2004.08.20 02:47 B C:\Documents and Settings\Y Cyrff Girlie\My Documents\Y Cyrff\Newydd\Images\band_members_pic1.html --> ftp.members.lycos.co.uk /Images band_members_pic1.html
2004.10.17 00:50 B C:\Documents and Settings\Y Cyrff Girlie\My Documents\Y Cyrff\Newydd\Images\ankst1.html --> ftp.members.lycos.co.uk /Images ankst1.html
2004.10.17 00:50 B C:\Documents and Settings\Y Cyrff Girlie\My Documents\Y Cyrff\Newydd\Images\ankst2.html --> ftp.members.lycos.co.uk /Images ankst2.html
2004.10.17 00:50 B C:\Documents and Settings\Y Cyrff Girlie\My Documents\Y Cyrff\Newydd\Images\ankst3.html --> ftp.members.lycos.co.uk /Images ankst3.html
2004.10.17 00:50 B C:\Documents and Settings\Y Cyrff Girlie\My Documents\Y Cyrff\Newydd\Images\barry.html --> ftp.members.lycos.co.uk /Images barry.html
2004.10.17 00:50 B C:\Documents and Settings\Y Cyrff Girlie\My Documents\Y Cyrff\Newydd\Images\barry_marine.html --> ftp.members.lycos.co.uk /Images barry_marine.html
2004.10.17 00:50 B C:\Documents and Settings\Y Cyrff Girlie\My Documents\Y Cyrff\Newydd\Images\cyrff.html --> ftp.members.lycos.co.uk /Images cyrff.html
2004.10.17 00:50 B C:\Documents and Settings\Y Cyrff Girlie\My Documents\Y Cyrff\Newydd\Images\cyrff10.html --> ftp.members.lycos.co.uk /Images cyrff10.html
2004.10.17 00:50 B C:\Documents and Settings\Y Cyrff Girlie\My Documents\Y Cyrff\Newydd\Images\cyrff11.html --> ftp.members.lycos.co.uk /Images cyrff11.html
2004.10.17 00:50 B C:\Documents and Settings\Y Cyrff Girlie\My Documents\Y Cyrff\Newydd\Images\cyrff12.html --> ftp.members.lycos.co.uk /Images cyrff12.html
2004.10.17 00:50 B C:\Documents and Settings\Y Cyrff Girlie\My Documents\Y Cyrff\Newydd\Images\cyrff13.html --> ftp.members.lycos.co.uk /Images cyrff13.html
2004.10.17 00:50 B C:\Documents and Settings\Y Cyrff Girlie\My Documents\Y Cyrff\Newydd\Images\cyrff14.html --> ftp.members.lycos.co.uk /Images cyrff14.html
2004.10.17 00:50 B C:\Documents and Settings\Y Cyrff Girlie\My Documents\Y Cyrff\Newydd\Images\cyrff2.html --> ftp.members.lycos.co.uk /Images cyrff2.html
2004.10.17 00:50 B C:\Documents and Settings\Y Cyrff Girlie\My Documents\Y Cyrff\Newydd\Images\cyrff3.html --> ftp.members.lycos.co.uk /Images cyrff3.html
2004.10.17 00:50 B C:\Documents and Settings\Y Cyrff Girlie\My Documents\Y Cyrff\Newydd\Images\cyrff4.html --> ftp.members.lycos.co.uk /Images cyrff4.html
2004.10.17 00:50 B C:\Documents and Settings\Y Cyrff Girlie\My Documents\Y Cyrff\Newydd\Images\cyrff5.html --> ftp.members.lycos.co.uk /Images cyrff5.html
2004.10.17 00:50 B C:\Documents and Settings\Y Cyrff Girlie\My Documents\Y Cyrff\Newydd\Images\cyrff6.html --> ftp.members.lycos.co.uk /Images cyrff6.html
2004.10.17 00:50 B C:\Documents and Settings\Y Cyrff Girlie\My Documents\Y Cyrff\Newydd\Images\cyrff7.html --> ftp.members.lycos.co.uk /Images cyrff7.html
2004.10.17 00:50 B C:\Documents and Settings\Y Cyrff Girlie\My Documents\Y Cyrff\Newydd\Images\cyrff8.html --> ftp.members.lycos.co.uk /Images cyrff8.html
2004.10.17 00:50 B C:\Documents and Settings\Y Cyrff Girlie\My Documents\Y Cyrff\Newydd\Images\cyrff9.html --> ftp.members.lycos.co.uk /Images cyrff9.html
2004.10.17 00:57 B C:\Documents and Settings\Y Cyrff Girlie\My Documents\Y Cyrff\Newydd\Images\dylan.html --> ftp.members.lycos.co.uk /Images dylan.html
2004.10.17 00:57 B C:\Documents and Settings\Y Cyrff Girlie\My Documents\Y Cyrff\Newydd\Images\mark.html --> ftp.members.lycos.co.uk /Images mark.html
2004.10.17 00:57 B C:\Documents and Settings\Y Cyrff Girlie\My Documents\Y Cyrff\Newydd\Images\mark2.html --> ftp.members.lycos.co.uk /Images mark2.html
2004.10.17 00:57 B C:\Documents and Settings\Y Cyrff Girlie\My Documents\Y Cyrff\Newydd\Images\mark4.html --> ftp.members.lycos.co.uk /Images mark4.html
2004.10.17 00:57 B C:\Documents and Settings\Y Cyrff Girlie\My Documents\Y Cyrff\Newydd\Images\mark5.html --> ftp.members.lycos.co.uk /Images mark5.html
2004.10.17 00:57 B C:\Documents and Settings\Y Cyrff Girlie\My Documents\Y Cyrff\Newydd\Images\mark_barry.html --> ftp.members.lycos.co.uk /Images mark_barry.html
2004.10.17 00:57 B C:\Documents and Settings\Y Cyrff Girlie\My Documents\Y Cyrff\Newydd\Images\paul.html --> ftp.members.lycos.co.uk /Images paul.html
2004.10.17 00:57 B C:\Documents and Settings\Y Cyrff Girlie\My Documents\Y Cyrff\Newydd\Images\pum_munud.html --> ftp.members.lycos.co.uk /Images pum_munud.html
2004.10.17 00:57 B C:\Documents and Settings\Y Cyrff Girlie\My Documents\Y Cyrff\Newydd\Images\untitled12.html --> ftp.members.lycos.co.uk /Images untitled12.html
2004.10.17 02:38 B C:\Documents and Settings\Y Cyrff Girlie\My Documents\Y Cyrff\Newydd\Images\band_members_pic1.html --> ftp.members.lycos.co.uk /Images band_members_pic1.html
2004.10.17 02:38 B C:\Documents and Settings\Y Cyrff Girlie\My Documents\Y Cyrff\Newydd\Images\bandpic1.html --> ftp.members.lycos.co.uk /Images bandpic1.html
2004.10.17 02:38 B C:\Documents and Settings\Y Cyrff Girlie\My Documents\Y Cyrff\Newydd\Images\coverart1.html --> ftp.members.lycos.co.uk /Images coverart1.html
